-------------------------------------------------------------------------------
Test set: runners.RunnerTests
-------------------------------------------------------------------------------
Tests run: 1, Failures: 1, Errors: 0, Skipped: 0, Time elapsed: 0.315 s <<< FAILURE! - in runners.RunnerTests
setUpClass(runners.RunnerTests)  Time elapsed: 0.243 s  <<< FAILURE!
java.lang.IllegalArgumentException: path must exist: /Users/rashmikanduluvavikraman/cucumber-workspace-1/CucSelPomTestNg/classpath.features

